Start testing: Oct 10 22:46 EDT
----------------------------------------------------------
1/2 Testing: test_string
1/2 Test: test_string
Command: "/Users/Rayiner/Projects/ccpoc/build/string_test"
Directory: /Users/Rayiner/Projects/ccpoc/build
"test_string" start time: Oct 10 22:46 EDT
Output:
----------------------------------------------------------
<end of output>
Test time =   0.00 sec
----------------------------------------------------------
Test Passed.
"test_string" end time: Oct 10 22:46 EDT
"test_string" time elapsed: 00:00:00
----------------------------------------------------------

2/2 Testing: test_alloc
2/2 Test: test_alloc
Command: "/Users/Rayiner/Projects/ccpoc/build/alloc_test"
Directory: /Users/Rayiner/Projects/ccpoc/build
"test_alloc" start time: Oct 10 22:46 EDT
Output:
----------------------------------------------------------
<end of output>
Test time =   0.10 sec
----------------------------------------------------------
Test Passed.
"test_alloc" end time: Oct 10 22:46 EDT
"test_alloc" time elapsed: 00:00:00
----------------------------------------------------------

End testing: Oct 10 22:46 EDT
