Start testing: Oct 11 00:32 EDT
----------------------------------------------------------
1/3 Testing: test_alloc
1/3 Test: test_alloc
Command: "/Users/Rayiner/Projects/ccpoc/build/alloc_test"
Directory: /Users/Rayiner/Projects/ccpoc/build
"test_alloc" start time: Oct 11 00:32 EDT
Output:
----------------------------------------------------------
<end of output>
Test time =   0.09 sec
----------------------------------------------------------
Test Passed.
"test_alloc" end time: Oct 11 00:32 EDT
"test_alloc" time elapsed: 00:00:00
----------------------------------------------------------

2/3 Testing: test_string
2/3 Test: test_string
Command: "/Users/Rayiner/Projects/ccpoc/build/string_test"
Directory: /Users/Rayiner/Projects/ccpoc/build
"test_string" start time: Oct 11 00:32 EDT
Output:
----------------------------------------------------------
<end of output>
Test time =   0.00 sec
----------------------------------------------------------
Test Passed.
"test_string" end time: Oct 11 00:32 EDT
"test_string" time elapsed: 00:00:00
----------------------------------------------------------

3/3 Testing: test_vector
3/3 Test: test_vector
Command: "/Users/Rayiner/Projects/ccpoc/build/vector_test"
Directory: /Users/Rayiner/Projects/ccpoc/build
"test_vector" start time: Oct 11 00:32 EDT
Output:
----------------------------------------------------------
<end of output>
Test time =   0.01 sec
----------------------------------------------------------
Test Passed.
"test_vector" end time: Oct 11 00:32 EDT
"test_vector" time elapsed: 00:00:00
----------------------------------------------------------

End testing: Oct 11 00:32 EDT
